<?xml version="1.0" encoding="UTF-8"?>
<testsuite xmlns:xsi="http://www.w3.org/2001/XMLSchema-instance" xsi:noNamespaceSchemaLocation="https://maven.apache.org/surefire/maven-surefire-plugin/xsd/surefire-test-report.xsd" version="3.0.1" name="Enginear.eds.ExpenseTracker.AppTest" time="0.443" tests="9" errors="0" skipped="0" failures="0">
  <properties>
[...]
</properties>
  <testcase name="checkComponentWithType" classname="Enginear.eds.ExpenseTracker.AppTest" time="0.35"/>
  <testcase name="checkNonRecurringIncomeChange" classname="Enginear.eds.ExpenseTracker.AppTest" time="0.001"/>
  <testcase name="checkPrintJobCreated" classname="Enginear.eds.ExpenseTracker.AppTest" time="0.001"/>
  <testcase name="checkTypeCreation" classname="Enginear.eds.ExpenseTracker.AppTest" time="0.037"/>
  <testcase name="checkJSONExport" classname="Enginear.eds.ExpenseTracker.AppTest" time="0.001"/>
  <testcase name="checkJSONFormat" classname="Enginear.eds.ExpenseTracker.AppTest" time="0.001"/>
  <testcase name="checkJSONImport" classname="Enginear.eds.ExpenseTracker.AppTest" time="0.002"/>
  <testcase name="checkComponentAdjustment" classname="Enginear.eds.ExpenseTracker.AppTest" time="0.005"/>
  <testcase name="checkRecurringIncomeChange" classname="Enginear.eds.ExpenseTracker.AppTest" time="0.001"/>
</testsuite>